The system is: Linux - 3.10.0-693.el7.x86_64 - x86_64
Compiling the C compiler identification source file "CMakeCCompilerId.c" succeeded.
Compiler: /opt/gcc/install/bin/gcc 
Build flags: 
Id flags:  

The output was:
0


Compilation of the C compiler identification source "CMakeCCompilerId.c" produced "a.out"

The C compiler identification is GNU, found in "/home/xiaohai/Github/CMake/BasicStartingPoint/build/CMakeFiles/3.11.0/CompilerIdC/a.out"

Compiling the CXX compiler identification source file "CMakeCXXCompilerId.cpp" succeeded.
Compiler: /opt/gcc/install/bin/g++ 
Build flags: 
Id flags:  

The output was:
0


Compilation of the CXX compiler identification source "CMakeCXXCompilerId.cpp" produced "a.out"

The CXX compiler identification is GNU, found in "/home/xiaohai/Github/CMake/BasicStartingPoint/build/CMakeFiles/3.11.0/CompilerIdCXX/a.out"

Determining if the C compiler works passed with the following output:
Change Dir: /home/xiaohai/Github/CMake/BasicStartingPoint/build/CMakeFiles/CMakeTmp

Run Build Command:"/usr/bin/gmake" "cmTC_708c3/fast"
/usr/bin/gmake -f CMakeFiles/cmTC_708c3.dir/build.make CMakeFiles/cmTC_708c3.dir/build
gmake[1]: Entering directory `/home/xiaohai/Github/CMake/BasicStartingPoint/build/CMakeFiles/CMakeTmp'
Building C object CMakeFiles/cmTC_708c3.dir/testCCompiler.c.o
/opt/gcc/install/bin/gcc    -o CMakeFiles/cmTC_708c3.dir/testCCompiler.c.o   -c /home/xiaohai/Github/CMake/BasicStartingPoint/build/CMakeFiles/CMakeTmp/testCCompiler.c
Linking C executable cmTC_708c3
/opt/cmake/install/bin/cmake -E cmake_link_script CMakeFiles/cmTC_708c3.dir/link.txt --verbose=1
/opt/gcc/install/bin/gcc      CMakeFiles/cmTC_708c3.dir/testCCompiler.c.o  -o cmTC_708c3 
gmake[1]: Leaving directory `/home/xiaohai/Github/CMake/BasicStartingPoint/build/CMakeFiles/CMakeTmp'


Detecting C compiler ABI info compiled with the following output:
Change Dir: /home/xiaohai/Github/CMake/BasicStartingPoint/build/CMakeFiles/CMakeTmp

Run Build Command:"/usr/bin/gmake" "cmTC_af1b9/fast"
/usr/bin/gmake -f CMakeFiles/cmTC_af1b9.dir/build.make CMakeFiles/cmTC_af1b9.dir/build
gmake[1]: Entering directory `/home/xiaohai/Github/CMake/BasicStartingPoint/build/CMakeFiles/CMakeTmp'
Building C object CMakeFiles/cmTC_af1b9.dir/CMakeCCompilerABI.c.o
/opt/gcc/install/bin/gcc    -o CMakeFiles/cmTC_af1b9.dir/CMakeCCompilerABI.c.o   -c /opt/cmake/install/share/cmake-3.11/Modules/CMakeCCompilerABI.c
Linking C executable cmTC_af1b9
/opt/cmake/install/bin/cmake -E cmake_link_script CMakeFiles/cmTC_af1b9.dir/link.txt --verbose=1
/opt/gcc/install/bin/gcc     -v CMakeFiles/cmTC_af1b9.dir/CMakeCCompilerABI.c.o  -o cmTC_af1b9 
Using built-in specs.
COLLECT_GCC=/opt/gcc/install/bin/gcc
COLLECT_LTO_WRAPPER=/opt/gcc/install/libexec/gcc/x86_64-pc-linux-gnu/7.3.0/lto-wrapper
Target: x86_64-pc-linux-gnu
Configured with: ./configure --prefix=/opt/gcc/install --disable-multilib
Thread model: posix
gcc version 7.3.0 (GCC) 
COMPILER_PATH=/opt/gcc/install/libexec/gcc/x86_64-pc-linux-gnu/7.3.0/:/opt/gcc/install/libexec/gcc/x86_64-pc-linux-gnu/7.3.0/:/opt/gcc/install/libexec/gcc/x86_64-pc-linux-gnu/:/opt/gcc/install/lib/gcc/x86_64-pc-linux-gnu/7.3.0/:/opt/gcc/install/lib/gcc/x86_64-pc-linux-gnu/
LIBRARY_PATH=/opt/gcc/install/lib/gcc/x86_64-pc-linux-gnu/7.3.0/:/opt/gcc/install/lib/gcc/x86_64-pc-linux-gnu/7.3.0/../../../../lib64/:/lib/../lib64/:/usr/lib/../lib64/:/opt/gcc/install/lib/gcc/x86_64-pc-linux-gnu/7.3.0/../../../:/lib/:/usr/lib/
COLLECT_GCC_OPTIONS='-v' '-o' 'cmTC_af1b9' '-mtune=generic' '-march=x86-64'
 /opt/gcc/install/libexec/gcc/x86_64-pc-linux-gnu/7.3.0/collect2 -plugin /opt/gcc/install/libexec/gcc/x86_64-pc-linux-gnu/7.3.0/liblto_plugin.so -plugin-opt=/opt/gcc/install/libexec/gcc/x86_64-pc-linux-gnu/7.3.0/lto-wrapper -plugin-opt=-fresolution=/tmp/ccLeC5Wz.res -plugin-opt=-pass-through=-lgcc -plugin-opt=-pass-through=-lgcc_s -plugin-opt=-pass-through=-lc -plugin-opt=-pass-through=-lgcc -plugin-opt=-pass-through=-lgcc_s --eh-frame-hdr -m elf_x86_64 -dynamic-linker /lib64/ld-linux-x86-64.so.2 -o cmTC_af1b9 /lib/../lib64/crt1.o /lib/../lib64/crti.o /opt/gcc/install/lib/gcc/x86_64-pc-linux-gnu/7.3.0/crtbegin.o -L/opt/gcc/install/lib/gcc/x86_64-pc-linux-gnu/7.3.0 -L/opt/gcc/install/lib/gcc/x86_64-pc-linux-gnu/7.3.0/../../../../lib64 -L/lib/../lib64 -L/usr/lib/../lib64 -L/opt/gcc/install/lib/gcc/x86_64-pc-linux-gnu/7.3.0/../../.. CMakeFiles/cmTC_af1b9.dir/CMakeCCompilerABI.c.o -lgcc --as-needed -lgcc_s --no-as-needed -lc -lgcc --as-needed -lgcc_s --no-as-needed /opt/gcc/install/lib/gcc/x86_64-pc-linux-gnu/7.3.0/crtend.o /lib/../lib64/crtn.o
COLLECT_GCC_OPTIONS='-v' '-o' 'cmTC_af1b9' '-mtune=generic' '-march=x86-64'
gmake[1]: Leaving directory `/home/xiaohai/Github/CMake/BasicStartingPoint/build/CMakeFiles/CMakeTmp'


Parsed C implicit link information from above output:
  link line regex: [^( *|.*[/\])(ld|CMAKE_LINK_STARTFILE-NOTFOUND|([^/\]+-)?ld|collect2)[^/\]*( |$)]
  ignore line: [Change Dir: /home/xiaohai/Github/CMake/BasicStartingPoint/build/CMakeFiles/CMakeTmp]
  ignore line: []
  ignore line: [Run Build Command:"/usr/bin/gmake" "cmTC_af1b9/fast"]
  ignore line: [/usr/bin/gmake -f CMakeFiles/cmTC_af1b9.dir/build.make CMakeFiles/cmTC_af1b9.dir/build]
  ignore line: [gmake[1]: Entering directory `/home/xiaohai/Github/CMake/BasicStartingPoint/build/CMakeFiles/CMakeTmp']
  ignore line: [Building C object CMakeFiles/cmTC_af1b9.dir/CMakeCCompilerABI.c.o]
  ignore line: [/opt/gcc/install/bin/gcc    -o CMakeFiles/cmTC_af1b9.dir/CMakeCCompilerABI.c.o   -c /opt/cmake/install/share/cmake-3.11/Modules/CMakeCCompilerABI.c]
  ignore line: [Linking C executable cmTC_af1b9]
  ignore line: [/opt/cmake/install/bin/cmake -E cmake_link_script CMakeFiles/cmTC_af1b9.dir/link.txt --verbose=1]
  ignore line: [/opt/gcc/install/bin/gcc     -v CMakeFiles/cmTC_af1b9.dir/CMakeCCompilerABI.c.o  -o cmTC_af1b9 ]
  ignore line: [Using built-in specs.]
  ignore line: [COLLECT_GCC=/opt/gcc/install/bin/gcc]
  ignore line: [COLLECT_LTO_WRAPPER=/opt/gcc/install/libexec/gcc/x86_64-pc-linux-gnu/7.3.0/lto-wrapper]
  ignore line: [Target: x86_64-pc-linux-gnu]
  ignore line: [Configured with: ./configure --prefix=/opt/gcc/install --disable-multilib]
  ignore line: [Thread model: posix]
  ignore line: [gcc version 7.3.0 (GCC) ]
  ignore line: [COMPILER_PATH=/opt/gcc/install/libexec/gcc/x86_64-pc-linux-gnu/7.3.0/:/opt/gcc/install/libexec/gcc/x86_64-pc-linux-gnu/7.3.0/:/opt/gcc/install/libexec/gcc/x86_64-pc-linux-gnu/:/opt/gcc/install/lib/gcc/x86_64-pc-linux-gnu/7.3.0/:/opt/gcc/install/lib/gcc/x86_64-pc-linux-gnu/]
  ignore line: [LIBRARY_PATH=/opt/gcc/install/lib/gcc/x86_64-pc-linux-gnu/7.3.0/:/opt/gcc/install/lib/gcc/x86_64-pc-linux-gnu/7.3.0/../../../../lib64/:/lib/../lib64/:/usr/lib/../lib64/:/opt/gcc/install/lib/gcc/x86_64-pc-linux-gnu/7.3.0/../../../:/lib/:/usr/lib/]
  ignore line: [COLLECT_GCC_OPTIONS='-v' '-o' 'cmTC_af1b9' '-mtune=generic' '-march=x86-64']
  link line: [ /opt/gcc/install/libexec/gcc/x86_64-pc-linux-gnu/7.3.0/collect2 -plugin /opt/gcc/install/libexec/gcc/x86_64-pc-linux-gnu/7.3.0/liblto_plugin.so -plugin-opt=/opt/gcc/install/libexec/gcc/x86_64-pc-linux-gnu/7.3.0/lto-wrapper -plugin-opt=-fresolution=/tmp/ccLeC5Wz.res -plugin-opt=-pass-through=-lgcc -plugin-opt=-pass-through=-lgcc_s -plugin-opt=-pass-through=-lc -plugin-opt=-pass-through=-lgcc -plugin-opt=-pass-through=-lgcc_s --eh-frame-hdr -m elf_x86_64 -dynamic-linker /lib64/ld-linux-x86-64.so.2 -o cmTC_af1b9 /lib/../lib64/crt1.o /lib/../lib64/crti.o /opt/gcc/install/lib/gcc/x86_64-pc-linux-gnu/7.3.0/crtbegin.o -L/opt/gcc/install/lib/gcc/x86_64-pc-linux-gnu/7.3.0 -L/opt/gcc/install/lib/gcc/x86_64-pc-linux-gnu/7.3.0/../../../../lib64 -L/lib/../lib64 -L/usr/lib/../lib64 -L/opt/gcc/install/lib/gcc/x86_64-pc-linux-gnu/7.3.0/../../.. CMakeFiles/cmTC_af1b9.dir/CMakeCCompilerABI.c.o -lgcc --as-needed -lgcc_s --no-as-needed -lc -lgcc --as-needed -lgcc_s --no-as-needed /opt/gcc/install/lib/gcc/x86_64-pc-linux-gnu/7.3.0/crtend.o /lib/../lib64/crtn.o]
    arg [/opt/gcc/install/libexec/gcc/x86_64-pc-linux-gnu/7.3.0/collect2] ==> ignore
    arg [-plugin] ==> ignore
    arg [/opt/gcc/install/libexec/gcc/x86_64-pc-linux-gnu/7.3.0/liblto_plugin.so] ==> ignore
    arg [-plugin-opt=/opt/gcc/install/libexec/gcc/x86_64-pc-linux-gnu/7.3.0/lto-wrapper] ==> ignore
    arg [-plugin-opt=-fresolution=/tmp/ccLeC5Wz.res] ==> ignore
    arg [-plugin-opt=-pass-through=-lgcc] ==> ignore
    arg [-plugin-opt=-pass-through=-lgcc_s] ==> ignore
    arg [-plugin-opt=-pass-through=-lc] ==> ignore
    arg [-plugin-opt=-pass-through=-lgcc] ==> ignore
    arg [-plugin-opt=-pass-through=-lgcc_s] ==> ignore
    arg [--eh-frame-hdr] ==> ignore
    arg [-m] ==> ignore
    arg [elf_x86_64] ==> ignore
    arg [-dynamic-linker] ==> ignore
    arg [/lib64/ld-linux-x86-64.so.2] ==> ignore
    arg [-o] ==> ignore
    arg [cmTC_af1b9] ==> ignore
    arg [/lib/../lib64/crt1.o] ==> ignore
    arg [/lib/../lib64/crti.o] ==> ignore
    arg [/opt/gcc/install/lib/gcc/x86_64-pc-linux-gnu/7.3.0/crtbegin.o] ==> ignore
    arg [-L/opt/gcc/install/lib/gcc/x86_64-pc-linux-gnu/7.3.0] ==> dir [/opt/gcc/install/lib/gcc/x86_64-pc-linux-gnu/7.3.0]
    arg [-L/opt/gcc/install/lib/gcc/x86_64-pc-linux-gnu/7.3.0/../../../../lib64] ==> dir [/opt/gcc/install/lib/gcc/x86_64-pc-linux-gnu/7.3.0/../../../../lib64]
    arg [-L/lib/../lib64] ==> dir [/lib/../lib64]
    arg [-L/usr/lib/../lib64] ==> dir [/usr/lib/../lib64]
    arg [-L/opt/gcc/install/lib/gcc/x86_64-pc-linux-gnu/7.3.0/../../..] ==> dir [/opt/gcc/install/lib/gcc/x86_64-pc-linux-gnu/7.3.0/../../..]
    arg [CMakeFiles/cmTC_af1b9.dir/CMakeCCompilerABI.c.o] ==> ignore
    arg [-lgcc] ==> lib [gcc]
    arg [--as-needed] ==> ignore
    arg [-lgcc_s] ==> lib [gcc_s]
    arg [--no-as-needed] ==> ignore
    arg [-lc] ==> lib [c]
    arg [-lgcc] ==> lib [gcc]
    arg [--as-needed] ==> ignore
    arg [-lgcc_s] ==> lib [gcc_s]
    arg [--no-as-needed] ==> ignore
    arg [/opt/gcc/install/lib/gcc/x86_64-pc-linux-gnu/7.3.0/crtend.o] ==> ignore
    arg [/lib/../lib64/crtn.o] ==> ignore
  collapse library dir [/opt/gcc/install/lib/gcc/x86_64-pc-linux-gnu/7.3.0] ==> [/opt/gcc/install/lib/gcc/x86_64-pc-linux-gnu/7.3.0]
  collapse library dir [/opt/gcc/install/lib/gcc/x86_64-pc-linux-gnu/7.3.0/../../../../lib64] ==> [/opt/gcc/install/lib64]
  collapse library dir [/lib/../lib64] ==> [/lib64]
  collapse library dir [/usr/lib/../lib64] ==> [/usr/lib64]
  collapse library dir [/opt/gcc/install/lib/gcc/x86_64-pc-linux-gnu/7.3.0/../../..] ==> [/opt/gcc/install/lib]
  implicit libs: [gcc;gcc_s;c;gcc;gcc_s]
  implicit dirs: [/opt/gcc/install/lib/gcc/x86_64-pc-linux-gnu/7.3.0;/opt/gcc/install/lib64;/lib64;/usr/lib64;/opt/gcc/install/lib]
  implicit fwks: []




Detecting C [-std=c11] compiler features compiled with the following output:
Change Dir: /home/xiaohai/Github/CMake/BasicStartingPoint/build/CMakeFiles/CMakeTmp

Run Build Command:"/usr/bin/gmake" "cmTC_af607/fast"
/usr/bin/gmake -f CMakeFiles/cmTC_af607.dir/build.make CMakeFiles/cmTC_af607.dir/build
gmake[1]: Entering directory `/home/xiaohai/Github/CMake/BasicStartingPoint/build/CMakeFiles/CMakeTmp'
Building C object CMakeFiles/cmTC_af607.dir/feature_tests.c.o
/opt/gcc/install/bin/gcc   -std=c11 -o CMakeFiles/cmTC_af607.dir/feature_tests.c.o   -c /home/xiaohai/Github/CMake/BasicStartingPoint/build/CMakeFiles/feature_tests.c
Linking C executable cmTC_af607
/opt/cmake/install/bin/cmake -E cmake_link_script CMakeFiles/cmTC_af607.dir/link.txt --verbose=1
/opt/gcc/install/bin/gcc      CMakeFiles/cmTC_af607.dir/feature_tests.c.o  -o cmTC_af607 
gmake[1]: Leaving directory `/home/xiaohai/Github/CMake/BasicStartingPoint/build/CMakeFiles/CMakeTmp'


    Feature record: C_FEATURE:1c_function_prototypes
    Feature record: C_FEATURE:1c_restrict
    Feature record: C_FEATURE:1c_static_assert
    Feature record: C_FEATURE:1c_variadic_macros


Detecting C [-std=c99] compiler features compiled with the following output:
Change Dir: /home/xiaohai/Github/CMake/BasicStartingPoint/build/CMakeFiles/CMakeTmp

Run Build Command:"/usr/bin/gmake" "cmTC_cbbaf/fast"
/usr/bin/gmake -f CMakeFiles/cmTC_cbbaf.dir/build.make CMakeFiles/cmTC_cbbaf.dir/build
gmake[1]: Entering directory `/home/xiaohai/Github/CMake/BasicStartingPoint/build/CMakeFiles/CMakeTmp'
Building C object CMakeFiles/cmTC_cbbaf.dir/feature_tests.c.o
/opt/gcc/install/bin/gcc   -std=c99 -o CMakeFiles/cmTC_cbbaf.dir/feature_tests.c.o   -c /home/xiaohai/Github/CMake/BasicStartingPoint/build/CMakeFiles/feature_tests.c
Linking C executable cmTC_cbbaf
/opt/cmake/install/bin/cmake -E cmake_link_script CMakeFiles/cmTC_cbbaf.dir/link.txt --verbose=1
/opt/gcc/install/bin/gcc      CMakeFiles/cmTC_cbbaf.dir/feature_tests.c.o  -o cmTC_cbbaf 
gmake[1]: Leaving directory `/home/xiaohai/Github/CMake/BasicStartingPoint/build/CMakeFiles/CMakeTmp'


    Feature record: C_FEATURE:1c_function_prototypes
    Feature record: C_FEATURE:1c_restrict
    Feature record: C_FEATURE:0c_static_assert
    Feature record: C_FEATURE:1c_variadic_macros


Detecting C [-std=c90] compiler features compiled with the following output:
Change Dir: /home/xiaohai/Github/CMake/BasicStartingPoint/build/CMakeFiles/CMakeTmp

Run Build Command:"/usr/bin/gmake" "cmTC_71888/fast"
/usr/bin/gmake -f CMakeFiles/cmTC_71888.dir/build.make CMakeFiles/cmTC_71888.dir/build
gmake[1]: Entering directory `/home/xiaohai/Github/CMake/BasicStartingPoint/build/CMakeFiles/CMakeTmp'
Building C object CMakeFiles/cmTC_71888.dir/feature_tests.c.o
/opt/gcc/install/bin/gcc   -std=c90 -o CMakeFiles/cmTC_71888.dir/feature_tests.c.o   -c /home/xiaohai/Github/CMake/BasicStartingPoint/build/CMakeFiles/feature_tests.c
Linking C executable cmTC_71888
/opt/cmake/install/bin/cmake -E cmake_link_script CMakeFiles/cmTC_71888.dir/link.txt --verbose=1
/opt/gcc/install/bin/gcc      CMakeFiles/cmTC_71888.dir/feature_tests.c.o  -o cmTC_71888 
gmake[1]: Leaving directory `/home/xiaohai/Github/CMake/BasicStartingPoint/build/CMakeFiles/CMakeTmp'


    Feature record: C_FEATURE:1c_function_prototypes
    Feature record: C_FEATURE:0c_restrict
    Feature record: C_FEATURE:0c_static_assert
    Feature record: C_FEATURE:0c_variadic_macros
Determining if the CXX compiler works passed with the following output:
Change Dir: /home/xiaohai/Github/CMake/BasicStartingPoint/build/CMakeFiles/CMakeTmp

Run Build Command:"/usr/bin/gmake" "cmTC_7f30c/fast"
/usr/bin/gmake -f CMakeFiles/cmTC_7f30c.dir/build.make CMakeFiles/cmTC_7f30c.dir/build
gmake[1]: Entering directory `/home/xiaohai/Github/CMake/BasicStartingPoint/build/CMakeFiles/CMakeTmp'
Building CXX object CMakeFiles/cmTC_7f30c.dir/testCXXCompiler.cxx.o
/opt/gcc/install/bin/g++     -o CMakeFiles/cmTC_7f30c.dir/testCXXCompiler.cxx.o -c /home/xiaohai/Github/CMake/BasicStartingPoint/build/CMakeFiles/CMakeTmp/testCXXCompiler.cxx
Linking CXX executable cmTC_7f30c
/opt/cmake/install/bin/cmake -E cmake_link_script CMakeFiles/cmTC_7f30c.dir/link.txt --verbose=1
/opt/gcc/install/bin/g++       CMakeFiles/cmTC_7f30c.dir/testCXXCompiler.cxx.o  -o cmTC_7f30c 
gmake[1]: Leaving directory `/home/xiaohai/Github/CMake/BasicStartingPoint/build/CMakeFiles/CMakeTmp'


Detecting CXX compiler ABI info compiled with the following output:
Change Dir: /home/xiaohai/Github/CMake/BasicStartingPoint/build/CMakeFiles/CMakeTmp

Run Build Command:"/usr/bin/gmake" "cmTC_4ed00/fast"
/usr/bin/gmake -f CMakeFiles/cmTC_4ed00.dir/build.make CMakeFiles/cmTC_4ed00.dir/build
gmake[1]: Entering directory `/home/xiaohai/Github/CMake/BasicStartingPoint/build/CMakeFiles/CMakeTmp'
Building CXX object CMakeFiles/cmTC_4ed00.dir/CMakeCXXCompilerABI.cpp.o
/opt/gcc/install/bin/g++     -o CMakeFiles/cmTC_4ed00.dir/CMakeCXXCompilerABI.cpp.o -c /opt/cmake/install/share/cmake-3.11/Modules/CMakeCXXCompilerABI.cpp
Linking CXX executable cmTC_4ed00
/opt/cmake/install/bin/cmake -E cmake_link_script CMakeFiles/cmTC_4ed00.dir/link.txt --verbose=1
/opt/gcc/install/bin/g++      -v CMakeFiles/cmTC_4ed00.dir/CMakeCXXCompilerABI.cpp.o  -o cmTC_4ed00 
Using built-in specs.
COLLECT_GCC=/opt/gcc/install/bin/g++
COLLECT_LTO_WRAPPER=/opt/gcc/install/libexec/gcc/x86_64-pc-linux-gnu/7.3.0/lto-wrapper
Target: x86_64-pc-linux-gnu
Configured with: ./configure --prefix=/opt/gcc/install --disable-multilib
Thread model: posix
gcc version 7.3.0 (GCC) 
COMPILER_PATH=/opt/gcc/install/libexec/gcc/x86_64-pc-linux-gnu/7.3.0/:/opt/gcc/install/libexec/gcc/x86_64-pc-linux-gnu/7.3.0/:/opt/gcc/install/libexec/gcc/x86_64-pc-linux-gnu/:/opt/gcc/install/lib/gcc/x86_64-pc-linux-gnu/7.3.0/:/opt/gcc/install/lib/gcc/x86_64-pc-linux-gnu/
LIBRARY_PATH=/opt/gcc/install/lib/gcc/x86_64-pc-linux-gnu/7.3.0/:/opt/gcc/install/lib/gcc/x86_64-pc-linux-gnu/7.3.0/../../../../lib64/:/lib/../lib64/:/usr/lib/../lib64/:/opt/gcc/install/lib/gcc/x86_64-pc-linux-gnu/7.3.0/../../../:/lib/:/usr/lib/
COLLECT_GCC_OPTIONS='-v' '-o' 'cmTC_4ed00' '-shared-libgcc' '-mtune=generic' '-march=x86-64'
 /opt/gcc/install/libexec/gcc/x86_64-pc-linux-gnu/7.3.0/collect2 -plugin /opt/gcc/install/libexec/gcc/x86_64-pc-linux-gnu/7.3.0/liblto_plugin.so -plugin-opt=/opt/gcc/install/libexec/gcc/x86_64-pc-linux-gnu/7.3.0/lto-wrapper -plugin-opt=-fresolution=/tmp/ccRbMte7.res -plugin-opt=-pass-through=-lgcc_s -plugin-opt=-pass-through=-lgcc -plugin-opt=-pass-through=-lc -plugin-opt=-pass-through=-lgcc_s -plugin-opt=-pass-through=-lgcc --eh-frame-hdr -m elf_x86_64 -dynamic-linker /lib64/ld-linux-x86-64.so.2 -o cmTC_4ed00 /lib/../lib64/crt1.o /lib/../lib64/crti.o /opt/gcc/install/lib/gcc/x86_64-pc-linux-gnu/7.3.0/crtbegin.o -L/opt/gcc/install/lib/gcc/x86_64-pc-linux-gnu/7.3.0 -L/opt/gcc/install/lib/gcc/x86_64-pc-linux-gnu/7.3.0/../../../../lib64 -L/lib/../lib64 -L/usr/lib/../lib64 -L/opt/gcc/install/lib/gcc/x86_64-pc-linux-gnu/7.3.0/../../.. CMakeFiles/cmTC_4ed00.dir/CMakeCXXCompilerABI.cpp.o -lstdc++ -lm -lgcc_s -lgcc -lc -lgcc_s -lgcc /opt/gcc/install/lib/gcc/x86_64-pc-linux-gnu/7.3.0/crtend.o /lib/../lib64/crtn.o
COLLECT_GCC_OPTIONS='-v' '-o' 'cmTC_4ed00' '-shared-libgcc' '-mtune=generic' '-march=x86-64'
gmake[1]: Leaving directory `/home/xiaohai/Github/CMake/BasicStartingPoint/build/CMakeFiles/CMakeTmp'


Parsed CXX implicit link information from above output:
  link line regex: [^( *|.*[/\])(ld|CMAKE_LINK_STARTFILE-NOTFOUND|([^/\]+-)?ld|collect2)[^/\]*( |$)]
  ignore line: [Change Dir: /home/xiaohai/Github/CMake/BasicStartingPoint/build/CMakeFiles/CMakeTmp]
  ignore line: []
  ignore line: [Run Build Command:"/usr/bin/gmake" "cmTC_4ed00/fast"]
  ignore line: [/usr/bin/gmake -f CMakeFiles/cmTC_4ed00.dir/build.make CMakeFiles/cmTC_4ed00.dir/build]
  ignore line: [gmake[1]: Entering directory `/home/xiaohai/Github/CMake/BasicStartingPoint/build/CMakeFiles/CMakeTmp']
  ignore line: [Building CXX object CMakeFiles/cmTC_4ed00.dir/CMakeCXXCompilerABI.cpp.o]
  ignore line: [/opt/gcc/install/bin/g++     -o CMakeFiles/cmTC_4ed00.dir/CMakeCXXCompilerABI.cpp.o -c /opt/cmake/install/share/cmake-3.11/Modules/CMakeCXXCompilerABI.cpp]
  ignore line: [Linking CXX executable cmTC_4ed00]
  ignore line: [/opt/cmake/install/bin/cmake -E cmake_link_script CMakeFiles/cmTC_4ed00.dir/link.txt --verbose=1]
  ignore line: [/opt/gcc/install/bin/g++      -v CMakeFiles/cmTC_4ed00.dir/CMakeCXXCompilerABI.cpp.o  -o cmTC_4ed00 ]
  ignore line: [Using built-in specs.]
  ignore line: [COLLECT_GCC=/opt/gcc/install/bin/g++]
  ignore line: [COLLECT_LTO_WRAPPER=/opt/gcc/install/libexec/gcc/x86_64-pc-linux-gnu/7.3.0/lto-wrapper]
  ignore line: [Target: x86_64-pc-linux-gnu]
  ignore line: [Configured with: ./configure --prefix=/opt/gcc/install --disable-multilib]
  ignore line: [Thread model: posix]
  ignore line: [gcc version 7.3.0 (GCC) ]
  ignore line: [COMPILER_PATH=/opt/gcc/install/libexec/gcc/x86_64-pc-linux-gnu/7.3.0/:/opt/gcc/install/libexec/gcc/x86_64-pc-linux-gnu/7.3.0/:/opt/gcc/install/libexec/gcc/x86_64-pc-linux-gnu/:/opt/gcc/install/lib/gcc/x86_64-pc-linux-gnu/7.3.0/:/opt/gcc/install/lib/gcc/x86_64-pc-linux-gnu/]
  ignore line: [LIBRARY_PATH=/opt/gcc/install/lib/gcc/x86_64-pc-linux-gnu/7.3.0/:/opt/gcc/install/lib/gcc/x86_64-pc-linux-gnu/7.3.0/../../../../lib64/:/lib/../lib64/:/usr/lib/../lib64/:/opt/gcc/install/lib/gcc/x86_64-pc-linux-gnu/7.3.0/../../../:/lib/:/usr/lib/]
  ignore line: [COLLECT_GCC_OPTIONS='-v' '-o' 'cmTC_4ed00' '-shared-libgcc' '-mtune=generic' '-march=x86-64']
  link line: [ /opt/gcc/install/libexec/gcc/x86_64-pc-linux-gnu/7.3.0/collect2 -plugin /opt/gcc/install/libexec/gcc/x86_64-pc-linux-gnu/7.3.0/liblto_plugin.so -plugin-opt=/opt/gcc/install/libexec/gcc/x86_64-pc-linux-gnu/7.3.0/lto-wrapper -plugin-opt=-fresolution=/tmp/ccRbMte7.res -plugin-opt=-pass-through=-lgcc_s -plugin-opt=-pass-through=-lgcc -plugin-opt=-pass-through=-lc -plugin-opt=-pass-through=-lgcc_s -plugin-opt=-pass-through=-lgcc --eh-frame-hdr -m elf_x86_64 -dynamic-linker /lib64/ld-linux-x86-64.so.2 -o cmTC_4ed00 /lib/../lib64/crt1.o /lib/../lib64/crti.o /opt/gcc/install/lib/gcc/x86_64-pc-linux-gnu/7.3.0/crtbegin.o -L/opt/gcc/install/lib/gcc/x86_64-pc-linux-gnu/7.3.0 -L/opt/gcc/install/lib/gcc/x86_64-pc-linux-gnu/7.3.0/../../../../lib64 -L/lib/../lib64 -L/usr/lib/../lib64 -L/opt/gcc/install/lib/gcc/x86_64-pc-linux-gnu/7.3.0/../../.. CMakeFiles/cmTC_4ed00.dir/CMakeCXXCompilerABI.cpp.o -lstdc++ -lm -lgcc_s -lgcc -lc -lgcc_s -lgcc /opt/gcc/install/lib/gcc/x86_64-pc-linux-gnu/7.3.0/crtend.o /lib/../lib64/crtn.o]
    arg [/opt/gcc/install/libexec/gcc/x86_64-pc-linux-gnu/7.3.0/collect2] ==> ignore
    arg [-plugin] ==> ignore
    arg [/opt/gcc/install/libexec/gcc/x86_64-pc-linux-gnu/7.3.0/liblto_plugin.so] ==> ignore
    arg [-plugin-opt=/opt/gcc/install/libexec/gcc/x86_64-pc-linux-gnu/7.3.0/lto-wrapper] ==> ignore
    arg [-plugin-opt=-fresolution=/tmp/ccRbMte7.res] ==> ignore
    arg [-plugin-opt=-pass-through=-lgcc_s] ==> ignore
    arg [-plugin-opt=-pass-through=-lgcc] ==> ignore
    arg [-plugin-opt=-pass-through=-lc] ==> ignore
    arg [-plugin-opt=-pass-through=-lgcc_s] ==> ignore
    arg [-plugin-opt=-pass-through=-lgcc] ==> ignore
    arg [--eh-frame-hdr] ==> ignore
    arg [-m] ==> ignore
    arg [elf_x86_64] ==> ignore
    arg [-dynamic-linker] ==> ignore
    arg [/lib64/ld-linux-x86-64.so.2] ==> ignore
    arg [-o] ==> ignore
    arg [cmTC_4ed00] ==> ignore
    arg [/lib/../lib64/crt1.o] ==> ignore
    arg [/lib/../lib64/crti.o] ==> ignore
    arg [/opt/gcc/install/lib/gcc/x86_64-pc-linux-gnu/7.3.0/crtbegin.o] ==> ignore
    arg [-L/opt/gcc/install/lib/gcc/x86_64-pc-linux-gnu/7.3.0] ==> dir [/opt/gcc/install/lib/gcc/x86_64-pc-linux-gnu/7.3.0]
    arg [-L/opt/gcc/install/lib/gcc/x86_64-pc-linux-gnu/7.3.0/../../../../lib64] ==> dir [/opt/gcc/install/lib/gcc/x86_64-pc-linux-gnu/7.3.0/../../../../lib64]
    arg [-L/lib/../lib64] ==> dir [/lib/../lib64]
    arg [-L/usr/lib/../lib64] ==> dir [/usr/lib/../lib64]
    arg [-L/opt/gcc/install/lib/gcc/x86_64-pc-linux-gnu/7.3.0/../../..] ==> dir [/opt/gcc/install/lib/gcc/x86_64-pc-linux-gnu/7.3.0/../../..]
    arg [CMakeFiles/cmTC_4ed00.dir/CMakeCXXCompilerABI.cpp.o] ==> ignore
    arg [-lstdc++] ==> lib [stdc++]
    arg [-lm] ==> lib [m]
    arg [-lgcc_s] ==> lib [gcc_s]
    arg [-lgcc] ==> lib [gcc]
    arg [-lc] ==> lib [c]
    arg [-lgcc_s] ==> lib [gcc_s]
    arg [-lgcc] ==> lib [gcc]
    arg [/opt/gcc/install/lib/gcc/x86_64-pc-linux-gnu/7.3.0/crtend.o] ==> ignore
    arg [/lib/../lib64/crtn.o] ==> ignore
  collapse library dir [/opt/gcc/install/lib/gcc/x86_64-pc-linux-gnu/7.3.0] ==> [/opt/gcc/install/lib/gcc/x86_64-pc-linux-gnu/7.3.0]
  collapse library dir [/opt/gcc/install/lib/gcc/x86_64-pc-linux-gnu/7.3.0/../../../../lib64] ==> [/opt/gcc/install/lib64]
  collapse library dir [/lib/../lib64] ==> [/lib64]
  collapse library dir [/usr/lib/../lib64] ==> [/usr/lib64]
  collapse library dir [/opt/gcc/install/lib/gcc/x86_64-pc-linux-gnu/7.3.0/../../..] ==> [/opt/gcc/install/lib]
  implicit libs: [stdc++;m;gcc_s;gcc;c;gcc_s;gcc]
  implicit dirs: [/opt/gcc/install/lib/gcc/x86_64-pc-linux-gnu/7.3.0;/opt/gcc/install/lib64;/lib64;/usr/lib64;/opt/gcc/install/lib]
  implicit fwks: []




Detecting CXX [-std=c++1z] compiler features compiled with the following output:
Change Dir: /home/xiaohai/Github/CMake/BasicStartingPoint/build/CMakeFiles/CMakeTmp

Run Build Command:"/usr/bin/gmake" "cmTC_f1db7/fast"
/usr/bin/gmake -f CMakeFiles/cmTC_f1db7.dir/build.make CMakeFiles/cmTC_f1db7.dir/build
gmake[1]: Entering directory `/home/xiaohai/Github/CMake/BasicStartingPoint/build/CMakeFiles/CMakeTmp'
Building CXX object CMakeFiles/cmTC_f1db7.dir/feature_tests.cxx.o
/opt/gcc/install/bin/g++    -std=c++1z -o CMakeFiles/cmTC_f1db7.dir/feature_tests.cxx.o -c /home/xiaohai/Github/CMake/BasicStartingPoint/build/CMakeFiles/feature_tests.cxx
Linking CXX executable cmTC_f1db7
/opt/cmake/install/bin/cmake -E cmake_link_script CMakeFiles/cmTC_f1db7.dir/link.txt --verbose=1
/opt/gcc/install/bin/g++       CMakeFiles/cmTC_f1db7.dir/feature_tests.cxx.o  -o cmTC_f1db7 
gmake[1]: Leaving directory `/home/xiaohai/Github/CMake/BasicStartingPoint/build/CMakeFiles/CMakeTmp'


    Feature record: CXX_FEATURE:1cxx_aggregate_default_initializers
    Feature record: CXX_FEATURE:1cxx_alias_templates
    Feature record: CXX_FEATURE:1cxx_alignas
    Feature record: CXX_FEATURE:1cxx_alignof
    Feature record: CXX_FEATURE:1cxx_attributes
    Feature record: CXX_FEATURE:1cxx_attribute_deprecated
    Feature record: CXX_FEATURE:1cxx_auto_type
    Feature record: CXX_FEATURE:1cxx_binary_literals
    Feature record: CXX_FEATURE:1cxx_constexpr
    Feature record: CXX_FEATURE:1cxx_contextual_conversions
    Feature record: CXX_FEATURE:1cxx_decltype
    Feature record: CXX_FEATURE:1cxx_decltype_auto
    Feature record: CXX_FEATURE:1cxx_decltype_incomplete_return_types
    Feature record: CXX_FEATURE:1cxx_default_function_template_args
    Feature record: CXX_FEATURE:1cxx_defaulted_functions
    Feature record: CXX_FEATURE:1cxx_defaulted_move_initializers
    Feature record: CXX_FEATURE:1cxx_delegating_constructors
    Feature record: CXX_FEATURE:1cxx_deleted_functions
    Feature record: CXX_FEATURE:1cxx_digit_separators
    Feature record: CXX_FEATURE:1cxx_enum_forward_declarations
    Feature record: CXX_FEATURE:1cxx_explicit_conversions
    Feature record: CXX_FEATURE:1cxx_extended_friend_declarations
    Feature record: CXX_FEATURE:1cxx_extern_templates
    Feature record: CXX_FEATURE:1cxx_final
    Feature record: CXX_FEATURE:1cxx_func_identifier
    Feature record: CXX_FEATURE:1cxx_generalized_initializers
    Feature record: CXX_FEATURE:1cxx_generic_lambdas
    Feature record: CXX_FEATURE:1cxx_inheriting_constructors
    Feature record: CXX_FEATURE:1cxx_inline_namespaces
    Feature record: CXX_FEATURE:1cxx_lambdas
    Feature record: CXX_FEATURE:1cxx_lambda_init_captures
    Feature record: CXX_FEATURE:1cxx_local_type_template_args
    Feature record: CXX_FEATURE:1cxx_long_long_type
    Feature record: CXX_FEATURE:1cxx_noexcept
    Feature record: CXX_FEATURE:1cxx_nonstatic_member_init
    Feature record: CXX_FEATURE:1cxx_nullptr
    Feature record: CXX_FEATURE:1cxx_override
    Feature record: CXX_FEATURE:1cxx_range_for
    Feature record: CXX_FEATURE:1cxx_raw_string_literals
    Feature record: CXX_FEATURE:1cxx_reference_qualified_functions
    Feature record: CXX_FEATURE:1cxx_relaxed_constexpr
    Feature record: CXX_FEATURE:1cxx_return_type_deduction
    Feature record: CXX_FEATURE:1cxx_right_angle_brackets
    Feature record: CXX_FEATURE:1cxx_rvalue_references
    Feature record: CXX_FEATURE:1cxx_sizeof_member
    Feature record: CXX_FEATURE:1cxx_static_assert
    Feature record: CXX_FEATURE:1cxx_strong_enums
    Feature record: CXX_FEATURE:1cxx_template_template_parameters
    Feature record: CXX_FEATURE:1cxx_thread_local
    Feature record: CXX_FEATURE:1cxx_trailing_return_types
    Feature record: CXX_FEATURE:1cxx_unicode_literals
    Feature record: CXX_FEATURE:1cxx_uniform_initialization
    Feature record: CXX_FEATURE:1cxx_unrestricted_unions
    Feature record: CXX_FEATURE:1cxx_user_literals
    Feature record: CXX_FEATURE:1cxx_variable_templates
    Feature record: CXX_FEATURE:1cxx_variadic_macros
    Feature record: CXX_FEATURE:1cxx_variadic_templates


Detecting CXX [-std=c++14] compiler features compiled with the following output:
Change Dir: /home/xiaohai/Github/CMake/BasicStartingPoint/build/CMakeFiles/CMakeTmp

Run Build Command:"/usr/bin/gmake" "cmTC_89140/fast"
/usr/bin/gmake -f CMakeFiles/cmTC_89140.dir/build.make CMakeFiles/cmTC_89140.dir/build
gmake[1]: Entering directory `/home/xiaohai/Github/CMake/BasicStartingPoint/build/CMakeFiles/CMakeTmp'
Building CXX object CMakeFiles/cmTC_89140.dir/feature_tests.cxx.o
/opt/gcc/install/bin/g++    -std=c++14 -o CMakeFiles/cmTC_89140.dir/feature_tests.cxx.o -c /home/xiaohai/Github/CMake/BasicStartingPoint/build/CMakeFiles/feature_tests.cxx
Linking CXX executable cmTC_89140
/opt/cmake/install/bin/cmake -E cmake_link_script CMakeFiles/cmTC_89140.dir/link.txt --verbose=1
/opt/gcc/install/bin/g++       CMakeFiles/cmTC_89140.dir/feature_tests.cxx.o  -o cmTC_89140 
gmake[1]: Leaving directory `/home/xiaohai/Github/CMake/BasicStartingPoint/build/CMakeFiles/CMakeTmp'


    Feature record: CXX_FEATURE:1cxx_aggregate_default_initializers
    Feature record: CXX_FEATURE:1cxx_alias_templates
    Feature record: CXX_FEATURE:1cxx_alignas
    Feature record: CXX_FEATURE:1cxx_alignof
    Feature record: CXX_FEATURE:1cxx_attributes
    Feature record: CXX_FEATURE:1cxx_attribute_deprecated
    Feature record: CXX_FEATURE:1cxx_auto_type
    Feature record: CXX_FEATURE:1cxx_binary_literals
    Feature record: CXX_FEATURE:1cxx_constexpr
    Feature record: CXX_FEATURE:1cxx_contextual_conversions
    Feature record: CXX_FEATURE:1cxx_decltype
    Feature record: CXX_FEATURE:1cxx_decltype_auto
    Feature record: CXX_FEATURE:1cxx_decltype_incomplete_return_types
    Feature record: CXX_FEATURE:1cxx_default_function_template_args
    Feature record: CXX_FEATURE:1cxx_defaulted_functions
    Feature record: CXX_FEATURE:1cxx_defaulted_move_initializers
    Feature record: CXX_FEATURE:1cxx_delegating_constructors
    Feature record: CXX_FEATURE:1cxx_deleted_functions
    Feature record: CXX_FEATURE:1cxx_digit_separators
    Feature record: CXX_FEATURE:1cxx_enum_forward_declarations
    Feature record: CXX_FEATURE:1cxx_explicit_conversions
    Feature record: CXX_FEATURE:1cxx_extended_friend_declarations
    Feature record: CXX_FEATURE:1cxx_extern_templates
    Feature record: CXX_FEATURE:1cxx_final
    Feature record: CXX_FEATURE:1cxx_func_identifier
    Feature record: CXX_FEATURE:1cxx_generalized_initializers
    Feature record: CXX_FEATURE:1cxx_generic_lambdas
    Feature record: CXX_FEATURE:1cxx_inheriting_constructors
    Feature record: CXX_FEATURE:1cxx_inline_namespaces
    Feature record: CXX_FEATURE:1cxx_lambdas
    Feature record: CXX_FEATURE:1cxx_lambda_init_captures
    Feature record: CXX_FEATURE:1cxx_local_type_template_args
    Feature record: CXX_FEATURE:1cxx_long_long_type
    Feature record: CXX_FEATURE:1cxx_noexcept
    Feature record: CXX_FEATURE:1cxx_nonstatic_member_init
    Feature record: CXX_FEATURE:1cxx_nullptr
    Feature record: CXX_FEATURE:1cxx_override
    Feature record: CXX_FEATURE:1cxx_range_for
    Feature record: CXX_FEATURE:1cxx_raw_string_literals
    Feature record: CXX_FEATURE:1cxx_reference_qualified_functions
    Feature record: CXX_FEATURE:1cxx_relaxed_constexpr
    Feature record: CXX_FEATURE:1cxx_return_type_deduction
    Feature record: CXX_FEATURE:1cxx_right_angle_brackets
    Feature record: CXX_FEATURE:1cxx_rvalue_references
    Feature record: CXX_FEATURE:1cxx_sizeof_member
    Feature record: CXX_FEATURE:1cxx_static_assert
    Feature record: CXX_FEATURE:1cxx_strong_enums
    Feature record: CXX_FEATURE:1cxx_template_template_parameters
    Feature record: CXX_FEATURE:1cxx_thread_local
    Feature record: CXX_FEATURE:1cxx_trailing_return_types
    Feature record: CXX_FEATURE:1cxx_unicode_literals
    Feature record: CXX_FEATURE:1cxx_uniform_initialization
    Feature record: CXX_FEATURE:1cxx_unrestricted_unions
    Feature record: CXX_FEATURE:1cxx_user_literals
    Feature record: CXX_FEATURE:1cxx_variable_templates
    Feature record: CXX_FEATURE:1cxx_variadic_macros
    Feature record: CXX_FEATURE:1cxx_variadic_templates


Detecting CXX [-std=c++11] compiler features compiled with the following output:
Change Dir: /home/xiaohai/Github/CMake/BasicStartingPoint/build/CMakeFiles/CMakeTmp

Run Build Command:"/usr/bin/gmake" "cmTC_5a114/fast"
/usr/bin/gmake -f CMakeFiles/cmTC_5a114.dir/build.make CMakeFiles/cmTC_5a114.dir/build
gmake[1]: Entering directory `/home/xiaohai/Github/CMake/BasicStartingPoint/build/CMakeFiles/CMakeTmp'
Building CXX object CMakeFiles/cmTC_5a114.dir/feature_tests.cxx.o
/opt/gcc/install/bin/g++    -std=c++11 -o CMakeFiles/cmTC_5a114.dir/feature_tests.cxx.o -c /home/xiaohai/Github/CMake/BasicStartingPoint/build/CMakeFiles/feature_tests.cxx
Linking CXX executable cmTC_5a114
/opt/cmake/install/bin/cmake -E cmake_link_script CMakeFiles/cmTC_5a114.dir/link.txt --verbose=1
/opt/gcc/install/bin/g++       CMakeFiles/cmTC_5a114.dir/feature_tests.cxx.o  -o cmTC_5a114 
gmake[1]: Leaving directory `/home/xiaohai/Github/CMake/BasicStartingPoint/build/CMakeFiles/CMakeTmp'


    Feature record: CXX_FEATURE:0cxx_aggregate_default_initializers
    Feature record: CXX_FEATURE:1cxx_alias_templates
    Feature record: CXX_FEATURE:1cxx_alignas
    Feature record: CXX_FEATURE:1cxx_alignof
    Feature record: CXX_FEATURE:1cxx_attributes
    Feature record: CXX_FEATURE:0cxx_attribute_deprecated
    Feature record: CXX_FEATURE:1cxx_auto_type
    Feature record: CXX_FEATURE:0cxx_binary_literals
    Feature record: CXX_FEATURE:1cxx_constexpr
    Feature record: CXX_FEATURE:0cxx_contextual_conversions
    Feature record: CXX_FEATURE:1cxx_decltype
    Feature record: CXX_FEATURE:0cxx_decltype_auto
    Feature record: CXX_FEATURE:1cxx_decltype_incomplete_return_types
    Feature record: CXX_FEATURE:1cxx_default_function_template_args
    Feature record: CXX_FEATURE:1cxx_defaulted_functions
    Feature record: CXX_FEATURE:1cxx_defaulted_move_initializers
    Feature record: CXX_FEATURE:1cxx_delegating_constructors
    Feature record: CXX_FEATURE:1cxx_deleted_functions
    Feature record: CXX_FEATURE:0cxx_digit_separators
    Feature record: CXX_FEATURE:1cxx_enum_forward_declarations
    Feature record: CXX_FEATURE:1cxx_explicit_conversions
    Feature record: CXX_FEATURE:1cxx_extended_friend_declarations
    Feature record: CXX_FEATURE:1cxx_extern_templates
    Feature record: CXX_FEATURE:1cxx_final
    Feature record: CXX_FEATURE:1cxx_func_identifier
    Feature record: CXX_FEATURE:1cxx_generalized_initializers
    Feature record: CXX_FEATURE:0cxx_generic_lambdas
    Feature record: CXX_FEATURE:1cxx_inheriting_constructors
    Feature record: CXX_FEATURE:1cxx_inline_namespaces
    Feature record: CXX_FEATURE:1cxx_lambdas
    Feature record: CXX_FEATURE:0cxx_lambda_init_captures
    Feature record: CXX_FEATURE:1cxx_local_type_template_args
    Feature record: CXX_FEATURE:1cxx_long_long_type
    Feature record: CXX_FEATURE:1cxx_noexcept
    Feature record: CXX_FEATURE:1cxx_nonstatic_member_init
    Feature record: CXX_FEATURE:1cxx_nullptr
    Feature record: CXX_FEATURE:1cxx_override
    Feature record: CXX_FEATURE:1cxx_range_for
    Feature record: CXX_FEATURE:1cxx_raw_string_literals
    Feature record: CXX_FEATURE:1cxx_reference_qualified_functions
    Feature record: CXX_FEATURE:0cxx_relaxed_constexpr
    Feature record: CXX_FEATURE:0cxx_return_type_deduction
    Feature record: CXX_FEATURE:1cxx_right_angle_brackets
    Feature record: CXX_FEATURE:1cxx_rvalue_references
    Feature record: CXX_FEATURE:1cxx_sizeof_member
    Feature record: CXX_FEATURE:1cxx_static_assert
    Feature record: CXX_FEATURE:1cxx_strong_enums
    Feature record: CXX_FEATURE:1cxx_template_template_parameters
    Feature record: CXX_FEATURE:1cxx_thread_local
    Feature record: CXX_FEATURE:1cxx_trailing_return_types
    Feature record: CXX_FEATURE:1cxx_unicode_literals
    Feature record: CXX_FEATURE:1cxx_uniform_initialization
    Feature record: CXX_FEATURE:1cxx_unrestricted_unions
    Feature record: CXX_FEATURE:1cxx_user_literals
    Feature record: CXX_FEATURE:0cxx_variable_templates
    Feature record: CXX_FEATURE:1cxx_variadic_macros
    Feature record: CXX_FEATURE:1cxx_variadic_templates


Detecting CXX [-std=c++98] compiler features compiled with the following output:
Change Dir: /home/xiaohai/Github/CMake/BasicStartingPoint/build/CMakeFiles/CMakeTmp

Run Build Command:"/usr/bin/gmake" "cmTC_32b3a/fast"
/usr/bin/gmake -f CMakeFiles/cmTC_32b3a.dir/build.make CMakeFiles/cmTC_32b3a.dir/build
gmake[1]: Entering directory `/home/xiaohai/Github/CMake/BasicStartingPoint/build/CMakeFiles/CMakeTmp'
Building CXX object CMakeFiles/cmTC_32b3a.dir/feature_tests.cxx.o
/opt/gcc/install/bin/g++    -std=c++98 -o CMakeFiles/cmTC_32b3a.dir/feature_tests.cxx.o -c /home/xiaohai/Github/CMake/BasicStartingPoint/build/CMakeFiles/feature_tests.cxx
Linking CXX executable cmTC_32b3a
/opt/cmake/install/bin/cmake -E cmake_link_script CMakeFiles/cmTC_32b3a.dir/link.txt --verbose=1
/opt/gcc/install/bin/g++       CMakeFiles/cmTC_32b3a.dir/feature_tests.cxx.o  -o cmTC_32b3a 
gmake[1]: Leaving directory `/home/xiaohai/Github/CMake/BasicStartingPoint/build/CMakeFiles/CMakeTmp'


    Feature record: CXX_FEATURE:0cxx_aggregate_default_initializers
    Feature record: CXX_FEATURE:0cxx_alias_templates
    Feature record: CXX_FEATURE:0cxx_alignas
    Feature record: CXX_FEATURE:0cxx_alignof
    Feature record: CXX_FEATURE:0cxx_attributes
    Feature record: CXX_FEATURE:0cxx_attribute_deprecated
    Feature record: CXX_FEATURE:0cxx_auto_type
    Feature record: CXX_FEATURE:0cxx_binary_literals
    Feature record: CXX_FEATURE:0cxx_constexpr
    Feature record: CXX_FEATURE:0cxx_contextual_conversions
    Feature record: CXX_FEATURE:0cxx_decltype
    Feature record: CXX_FEATURE:0cxx_decltype_auto
    Feature record: CXX_FEATURE:0cxx_decltype_incomplete_return_types
    Feature record: CXX_FEATURE:0cxx_default_function_template_args
    Feature record: CXX_FEATURE:0cxx_defaulted_functions
    Feature record: CXX_FEATURE:0cxx_defaulted_move_initializers
    Feature record: CXX_FEATURE:0cxx_delegating_constructors
    Feature record: CXX_FEATURE:0cxx_deleted_functions
    Feature record: CXX_FEATURE:0cxx_digit_separators
    Feature record: CXX_FEATURE:0cxx_enum_forward_declarations
    Feature record: CXX_FEATURE:0cxx_explicit_conversions
    Feature record: CXX_FEATURE:0cxx_extended_friend_declarations
    Feature record: CXX_FEATURE:0cxx_extern_templates
    Feature record: CXX_FEATURE:0cxx_final
    Feature record: CXX_FEATURE:0cxx_func_identifier
    Feature record: CXX_FEATURE:0cxx_generalized_initializers
    Feature record: CXX_FEATURE:0cxx_generic_lambdas
    Feature record: CXX_FEATURE:0cxx_inheriting_constructors
    Feature record: CXX_FEATURE:0cxx_inline_namespaces
    Feature record: CXX_FEATURE:0cxx_lambdas
    Feature record: CXX_FEATURE:0cxx_lambda_init_captures
    Feature record: CXX_FEATURE:0cxx_local_type_template_args
    Feature record: CXX_FEATURE:0cxx_long_long_type
    Feature record: CXX_FEATURE:0cxx_noexcept
    Feature record: CXX_FEATURE:0cxx_nonstatic_member_init
    Feature record: CXX_FEATURE:0cxx_nullptr
    Feature record: CXX_FEATURE:0cxx_override
    Feature record: CXX_FEATURE:0cxx_range_for
    Feature record: CXX_FEATURE:0cxx_raw_string_literals
    Feature record: CXX_FEATURE:0cxx_reference_qualified_functions
    Feature record: CXX_FEATURE:0cxx_relaxed_constexpr
    Feature record: CXX_FEATURE:0cxx_return_type_deduction
    Feature record: CXX_FEATURE:0cxx_right_angle_brackets
    Feature record: CXX_FEATURE:0cxx_rvalue_references
    Feature record: CXX_FEATURE:0cxx_sizeof_member
    Feature record: CXX_FEATURE:0cxx_static_assert
    Feature record: CXX_FEATURE:0cxx_strong_enums
    Feature record: CXX_FEATURE:1cxx_template_template_parameters
    Feature record: CXX_FEATURE:0cxx_thread_local
    Feature record: CXX_FEATURE:0cxx_trailing_return_types
    Feature record: CXX_FEATURE:0cxx_unicode_literals
    Feature record: CXX_FEATURE:0cxx_uniform_initialization
    Feature record: CXX_FEATURE:0cxx_unrestricted_unions
    Feature record: CXX_FEATURE:0cxx_user_literals
    Feature record: CXX_FEATURE:0cxx_variable_templates
    Feature record: CXX_FEATURE:0cxx_variadic_macros
    Feature record: CXX_FEATURE:0cxx_variadic_templates
